Drill Listing
=============
Drill: .01575  Tool: 1  Feed: 95  Speed: 300
X 2075433  Y 1655433
X 2077362  Y 1661417
X 2076062  Y 1665354
X 2080669  Y 1675433
X 2057500  Y 1695000
X 2048818  Y 1701181
X 2117913  Y 1702086
X 2107500  Y 1675000
X 2113740  Y 1659488
X 2100000  Y 1622500
X 2103818  Y 1605039
X 2107244  Y 1602795
X 2115708  Y 1602637
X 2111653  Y 1602598
X 2097500  Y 1597500
X 2095000  Y 1557500
X 2120000  Y 1530000
X 2119803  Y 1602637
X 2132204  Y 1626732
X 2126220  Y 1627716
X 2130787  Y 1630866
X 2129409  Y 1634881
X 2140393  Y 1668346
X 2135000  Y 1672500
X 2132952  Y 1703582
X 2121062  Y 1705787
X 2125000  Y 1707204
X 2145000  Y 1735000
X 2152500  Y 1712500
X 2152480  Y 1702165
X 2144921  Y 1668385
X 2157322  Y 1613346
X 2146496  Y 1593228
X 2165000  Y 1580000
X 2160000  Y 1562500
X 2160000  Y 1547500
X 2150000  Y 1542500
X 2160000  Y 1542500
X 2155000  Y 1532500
X 2195000  Y 1532500
X 2187500  Y 1605000
X 2218346  Y 1612559
X 2215000  Y 1615000
X 2203110  Y 1617047
X 2204173  Y 1620787
X 2206811  Y 1623740
X 2208976  Y 1626968
X 2203346  Y 1628385
X 2199921  Y 1630354
X 2196811  Y 1632913
X 2177500  Y 1642500
X 2178582  Y 1647007
X 2181771  Y 1649370
X 2177992  Y 1650905
X 2185826  Y 1651220
X 2179960  Y 1663937
X 2202500  Y 1735000
X 2264015  Y 1736141
X 2242500  Y 1730000
X 2219842  Y 1712007
X 2255000  Y 1705000
X 2254409  Y 1666850
X 2251653  Y 1664094
X 2227500  Y 1662500
X 2248897  Y 1661181
X 2246496  Y 1658149
X 2247913  Y 1648031
X 2244960  Y 1645000
X 2252440  Y 1643897
X 2256023  Y 1641732
X 2250393  Y 1634645
X 2220000  Y 1627500
X 2221417  Y 1623740
X 2220000  Y 1605000
X 2227500  Y 1595000
X 2315000  Y 1590000
X 2310000  Y 1595000
X 2302952  Y 1595944
X 2306653  Y 1599409
X 2282500  Y 1600000
X 2277992  Y 1600629
X 2310000  Y 1602500
X 2277952  Y 1612322
X 2285000  Y 1675000
X 2281220  Y 1728385
X 2297500  Y 1732500
X 2322500  Y 1635000

Drill: .02362  Tool: 2  Feed: 197  Speed: 550
X 2055393  Y 1520354 X 2055393  Y 1535708
X 2073503  Y 1520354 X 2073503  Y 1535708

Drill: .024  Tool: 3  Feed: 197  Speed: 550
X 2007165  Y 1555157
X 2001377  Y 1607598
X 1990000  Y 1626732
X 1969803  Y 1634842
X 1989763  Y 1691417
X 2062952  Y 1719291
X 2061614  Y 1704488
X 2032283  Y 1701102
X 2025748  Y 1691338
X 2047500  Y 1657500
X 2047952  Y 1605078
X 2047952  Y 1585984
X 2110000  Y 1565000
X 2117500  Y 1612500
X 2117165  Y 1636850
X 2119527  Y 1652519
X 2117992  Y 1657322
X 2146889  Y 1717500
X 2160000  Y 1717500
X 2142204  Y 1705393
X 2152500  Y 1657500
X 2162598  Y 1656141
X 2157362  Y 1649488
X 2128070  Y 1618267
X 2133937  Y 1610196
X 2150472  Y 1588503
X 2120000  Y 1588346
X 2160000  Y 1575000
X 2126850  Y 1557007
X 2164330  Y 1554173
X 2120000  Y 1547500
X 2176181  Y 1532559
X 2192755  Y 1558346
X 2175000  Y 1560000
X 2207204  Y 1586968
X 2173622  Y 1587125
X 2184488  Y 1587913
X 2203228  Y 1669724
X 2243897  Y 1711102
X 2262500  Y 1682500
X 2226574  Y 1673110
X 2230000  Y 1657500
X 2254566  Y 1604370
X 2286850  Y 1609881
X 2287519  Y 1631102
X 2311259  Y 1634133
X 2318267  Y 1646889
X 2275000  Y 1672500
X 2290708  Y 1685000
X 2289842  Y 1708543
X 2271850  Y 1709251
X 2292500  Y 1725000
X 2325944  Y 1653543
X 2326023  Y 1640196
X 2342500  Y 1597500

Drill: .0315  Tool: 4  Feed: 197  Speed: 550
X 2094015  Y 1718464
X 2085984  Y 1718464
X 2090000  Y 1728464
X 2081968  Y 1728464
X 2098031  Y 1728464
X 2102047  Y 1718464
X 2137401  Y 1688779
X 2129527  Y 1688779
X 2133464  Y 1680905
X 2141338  Y 1680905
X 2125590  Y 1680905
X 2164960  Y 1680905
X 2157086  Y 1680905
X 2149212  Y 1680905
X 2188582  Y 1680905
X 2180708  Y 1680905
X 2172834  Y 1680905
X 2145275  Y 1688779
X 2192519  Y 1688779
X 2168897  Y 1688779
X 2184645  Y 1688779
X 2153149  Y 1688779
X 2176771  Y 1688779
X 2161023  Y 1688779
X 2216141  Y 1688779
X 2208267  Y 1688779
X 2200393  Y 1688779
X 2239763  Y 1688779
X 2231889  Y 1688779
X 2224015  Y 1688779
X 2220078  Y 1680905
X 2204330  Y 1680905
X 2235826  Y 1680905
X 2212204  Y 1680905
X 2227952  Y 1680905
X 2196456  Y 1680905

Drill: .035  Tool: 5  Feed: 197  Speed: 550
X 2012007  Y 1507047
X 2022007  Y 1507047
X 2057244  Y 1622007
X 2268897  Y 1745196
X 2258897  Y 1745196
X 2264094  Y 1671141
X 2264094  Y 1661141
X 2264094  Y 1651141
X 2264094  Y 1641141
X 2076929  Y 1622007
X 2311929  Y 1661141
X 2311929  Y 1671141
X 2311929  Y 1681141
X 2311929  Y 1691141
X 2312283  Y 1704015
X 2312283  Y 1714015
X 2312283  Y 1724015
X 2312283  Y 1734015
X 2298897  Y 1745196
X 2288897  Y 1745196
X 2278897  Y 1745196

Drill: .03543  Tool: 6  Feed: 197  Speed: 550
X 2197440  Y 1704015
X 2207283  Y 1704015
X 2207283  Y 1711889
X 2197440  Y 1711889

Drill: .037  Tool: 7  Feed: 197  Speed: 550
X 2176850  Y 1548385
X 2186850  Y 1548385
X 2212165  Y 1548543
X 2222165  Y 1548543

Drill: .03937  Tool: 8  Feed: 197  Speed: 550
X 2011574  Y 1534606
X 2033543  Y 1534606
X 2066078  Y 1574602
X 2038858  Y 1665393
X 2060826  Y 1665393
X 2086392  Y 1582967

Drill: .04331  Tool: 9  Feed: 139  Speed: 550
X 2299212  Y 1517874
X 2299212  Y 1537559
X 2348031  Y 1537559
X 2348031  Y 1517874

Drill: .09055  Tool: 10  Feed: 66  Speed: 550
X 2178740  Y 1722519
X 2225984  Y 1722519

Drill: .09291  Tool: 11  Feed: 66  Speed: 550
X 2068385  Y 1737519
X 2115629  Y 1737519

End of Listing
