###############################################################################
#                                                                             #
# IAR ANSI C/C++ Compiler V5.30.0.51174/W32 for ARM     19/May/2015  10:28:23 #
# Copyright 1999-2009 IAR Systems AB.                                         #
#                                                                             #
#    Cpu mode     =  thumb                                                    #
#    Endian       =  little                                                   #
#    Source file  =  E:\T6\FW\src\App\dummy_fat16_data.c                      #
#    Command line =  E:\T6\FW\src\App\dummy_fat16_data.c -lcN                 #
#                    E:\T6\FW\src\Project\EWARMv5\Debug\List\ -o              #
#                    E:\T6\FW\src\Project\EWARMv5\Debug\Obj\ --no_cse         #
#                    --no_unroll --no_inline --no_code_motion --no_tbaa       #
#                    --no_clustering --no_scheduling --debug --endian=little  #
#                    --cpu=Cortex-M3 -e --fpu=None --dlib_config "D:\Program  #
#                    Files\IAR Systems\Embedded Workbench                     #
#                    5.4\arm\INC\DLib_Config_Full.h" -I                       #
#                    E:\T6\FW\src\Project\EWARMv5\..\ -I                      #
#                    E:\T6\FW\src\Project\EWARMv5\..\..\App\ -I               #
#                    E:\T6\FW\src\Project\EWARMv5\..\..\Drivers\ -I           #
#                    E:\T6\FW\src\Project\EWARMv5\..\..\FatFs\ -I             #
#                    E:\T6\FW\src\Project\EWARMv5\..\..\Lib\inc\ -I           #
#                    E:\T6\FW\src\Project\EWARMv5\..\..\uCOS\uC-CPU\ -I       #
#                    E:\T6\FW\src\Project\EWARMv5\..\..\uCOS\uC-LIB\ -I       #
#                    E:\T6\FW\src\Project\EWARMv5\..\..\uCOS\uCOS-II\Ports\   #
#                    -I E:\T6\FW\src\Project\EWARMv5\..\..\uCOS\uCOS-II\Sourc #
#                    e\ -I E:\T6\FW\src\Project\EWARMv5\..\..\uCOS\uC-Probe\  #
#                    -I E:\T6\FW\src\Project\EWARMv5\..\..\usb_lib\ -I        #
#                    "D:\Program Files\IAR Systems\Embedded Workbench         #
#                    5.4\arm\INC\" -Ol                                        #
#    List file    =  E:\T6\FW\src\Project\EWARMv5\Debug\List\dummy_fat16_data #
#                    .lst                                                     #
#    Object file  =  E:\T6\FW\src\Project\EWARMv5\Debug\Obj\dummy_fat16_data. #
#                    o                                                        #
#                                                                             #
#                                                                             #
###############################################################################

E:\T6\FW\src\App\dummy_fat16_data.c
      1          /**
      2          * @file dummy_fat16_data.c
      3          * @brief 构造虚拟的fat16文件系统数据
      4          *
      5          * @version V0.0.1
      6          * @author joe
      7          * @date 2012年5月15日
      8          * @note
      9          *		none
     10          *
     11          * @copy
     12          *
     13          * 此代码为深圳江波龙电子有限公司项目代码，任何人及公司未经许可不得复制传播，或用于
     14          * 本公司以外的项目。本司保留一切追究权利。
     15          *
     16          * <h1><center>&copy; COPYRIGHT 2012 netcom</center></h1>
     17          */ 
     18          
     19          #include "dummy_fat16_data.h"
     20          #include "stm32f10x_flash_config.h"
     21          
     22          const unsigned char dummy_MBR[512] = {
     23          	0x00, 0x00, 0x00, 0x00, 0x00, 0x00, 0x00, 0x00, 0x00, 0x00, 0x00, 0x00, 0x00, 0x00, 0x00, 0x00, 
     24          	0x00, 0x00, 0x00, 0x00, 0x00, 0x00, 0x00, 0x00, 0x00, 0x00, 0x00, 0x00, 0x00, 0x00, 0x00, 0x00, 
     25          	0x00, 0x00, 0x00, 0x00, 0x00, 0x00, 0x00, 0x00, 0x00, 0x00, 0x00, 0x00, 0x00, 0x00, 0x00, 0x00, 
     26          	0x00, 0x00, 0x00, 0x00, 0x00, 0x00, 0x00, 0x00, 0x00, 0x00, 0x00, 0x00, 0x00, 0x00, 0x00, 0x00, 
     27          	0x00, 0x00, 0x00, 0x00, 0x00, 0x00, 0x00, 0x00, 0x00, 0x00, 0x00, 0x00, 0x00, 0x00, 0x00, 0x00, 
     28          	0x00, 0x00, 0x00, 0x00, 0x00, 0x00, 0x00, 0x00, 0x00, 0x00, 0x00, 0x00, 0x00, 0x00, 0x00, 0x00, 
     29          	0x00, 0x00, 0x00, 0x00, 0x00, 0x00, 0x00, 0x00, 0x00, 0x00, 0x00, 0x00, 0x00, 0x00, 0x00, 0x00, 
     30          	0x00, 0x00, 0x00, 0x00, 0x00, 0x00, 0x00, 0x00, 0x00, 0x00, 0x00, 0x00, 0x00, 0x00, 0x00, 0x00, 
     31          	0x00, 0x00, 0x00, 0x00, 0x00, 0x00, 0x00, 0x00, 0x00, 0x00, 0x00, 0x00, 0x00, 0x00, 0x00, 0x00, 
     32          	0x00, 0x00, 0x00, 0x00, 0x00, 0x00, 0x00, 0x00, 0x00, 0x00, 0x00, 0x00, 0x00, 0x00, 0x00, 0x00, 
     33          	0x00, 0x00, 0x00, 0x00, 0x00, 0x00, 0x00, 0x00, 0x00, 0x00, 0x00, 0x00, 0x00, 0x00, 0x00, 0x00, 
     34          	0x00, 0x00, 0x00, 0x00, 0x00, 0x00, 0x00, 0x00, 0x00, 0x00, 0x00, 0x00, 0x00, 0x00, 0x00, 0x00, 
     35          	0x00, 0x00, 0x00, 0x00, 0x00, 0x00, 0x00, 0x00, 0x00, 0x00, 0x00, 0x00, 0x00, 0x00, 0x00, 0x00, 
     36          	0x00, 0x00, 0x00, 0x00, 0x00, 0x00, 0x00, 0x00, 0x00, 0x00, 0x00, 0x00, 0x00, 0x00, 0x00, 0x00, 
     37          	0x00, 0x00, 0x00, 0x00, 0x00, 0x00, 0x00, 0x00, 0x00, 0x00, 0x00, 0x00, 0x00, 0x00, 0x00, 0x00, 
     38          	0x00, 0x00, 0x00, 0x00, 0x00, 0x00, 0x00, 0x00, 0x00, 0x00, 0x00, 0x00, 0x00, 0x00, 0x00, 0x00, 
     39          	0x00, 0x00, 0x00, 0x00, 0x00, 0x00, 0x00, 0x00, 0x00, 0x00, 0x00, 0x00, 0x00, 0x00, 0x00, 0x00, 
     40          	0x00, 0x00, 0x00, 0x00, 0x00, 0x00, 0x00, 0x00, 0x00, 0x00, 0x00, 0x00, 0x00, 0x00, 0x00, 0x00, 
     41          	0x00, 0x00, 0x00, 0x00, 0x00, 0x00, 0x00, 0x00, 0x00, 0x00, 0x00, 0x00, 0x00, 0x00, 0x00, 0x00, 
     42          	0x00, 0x00, 0x00, 0x00, 0x00, 0x00, 0x00, 0x00, 0x00, 0x00, 0x00, 0x00, 0x00, 0x00, 0x00, 0x00, 
     43          	0x00, 0x00, 0x00, 0x00, 0x00, 0x00, 0x00, 0x00, 0x00, 0x00, 0x00, 0x00, 0x00, 0x00, 0x00, 0x00, 
     44          	0x00, 0x00, 0x00, 0x00, 0x00, 0x00, 0x00, 0x00, 0x00, 0x00, 0x00, 0x00, 0x00, 0x00, 0x00, 0x00, 
     45          	0x00, 0x00, 0x00, 0x00, 0x00, 0x00, 0x00, 0x00, 0x00, 0x00, 0x00, 0x00, 0x00, 0x00, 0x00, 0x00, 
     46          	0x00, 0x00, 0x00, 0x00, 0x00, 0x00, 0x00, 0x00, 0x00, 0x00, 0x00, 0x00, 0x00, 0x00, 0x00, 0x00, 
     47          	0x00, 0x00, 0x00, 0x00, 0x00, 0x00, 0x00, 0x00, 0x00, 0x00, 0x00, 0x00, 0x00, 0x00, 0x00, 0x00, 
     48          	0x00, 0x00, 0x00, 0x00, 0x00, 0x00, 0x00, 0x00, 0x00, 0x00, 0x00, 0x00, 0x00, 0x00, 0x00, 0x00, 
     49          	0x00, 0x00, 0x00, 0x00, 0x00, 0x00, 0x00, 0x00, 0x00, 0x00, 0x00, 0x00, 0x00, 0x00, 0x00, 0x00, 
     50          	0x00, 0x00, 0x00, 0x00, 0x00, 0x00, 0x00, 0x00, 0x00, 0x00, 0x00, 0x00, 0x00, 0x00, 0x00, 0x01, 
     51          	0x0A, 0x00, 0x06, 0x07, 0x60, 0xD3, 0x29, 0x00, 0x00, 0x00, 0xD7, 0xD3, 0x01, 0x00, 0x00, 0x00, 
     52          	0x00, 0x00, 0x00, 0x00, 0x00, 0x00, 0x00, 0x00, 0x00, 0x00, 0x00, 0x00, 0x00, 0x00, 0x00, 0x00, 
     53          	0x00, 0x00, 0x00, 0x00, 0x00, 0x00, 0x00, 0x00, 0x00, 0x00, 0x00, 0x00, 0x00, 0x00, 0x00, 0x00, 
     54          	0x00, 0x00, 0x55, 0x00, 0x00, 0x00, 0xFF, 0xE1, 0x01, 0x00, 0xED, 0x10, 0x00, 0x00, 0x55, 0xAA
     55          };
     56          const unsigned char dummy_DBR[512] = {
     57          	0xEB, 0x3C, 0x90, 0x4D, 0x53, 0x44, 0x4F, 0x53, 0x35, 0x2E, 0x30, 0x00, 0x02, 0x02, 0x06, 0x00, 
     58          	0x02, 0x00, 0x02, 0x00, 0x00, 0xF8, 0xE9, 0x00, 0x3F, 0x00, 0xFF, 0x00, 0x29, 0x00, 0x00, 0x00, 
     59          	0xD7, 0xD3, 0x01, 0x00, 0x00, 0x00, 0x29, 0xB0, 0x5C, 0x79, 0x50, 0x4E, 0x4F, 0x20, 0x4E, 0x41, 
     60          	0x4D, 0x45, 0x20, 0x20, 0x20, 0x20, 0x46, 0x41, 0x54, 0x31, 0x36, 0x20, 0x20, 0x20, 0x33, 0xC9, 
     61          	0x8E, 0xD1, 0xBC, 0xF0, 0x7B, 0x8E, 0xD9, 0xB8, 0x00, 0x20, 0x8E, 0xC0, 0xFC, 0xBD, 0x00, 0x7C, 
     62          	0x38, 0x4E, 0x24, 0x7D, 0x24, 0x8B, 0xC1, 0x99, 0xE8, 0x3C, 0x01, 0x72, 0x1C, 0x83, 0xEB, 0x3A, 
     63          	0x66, 0xA1, 0x1C, 0x7C, 0x26, 0x66, 0x3B, 0x07, 0x26, 0x8A, 0x57, 0xFC, 0x75, 0x06, 0x80, 0xCA, 
     64          	0x02, 0x88, 0x56, 0x02, 0x80, 0xC3, 0x10, 0x73, 0xEB, 0x33, 0xC9, 0x8A, 0x46, 0x10, 0x98, 0xF7, 
     65          	0x66, 0x16, 0x03, 0x46, 0x1C, 0x13, 0x56, 0x1E, 0x03, 0x46, 0x0E, 0x13, 0xD1, 0x8B, 0x76, 0x11, 
     66          	0x60, 0x89, 0x46, 0xFC, 0x89, 0x56, 0xFE, 0xB8, 0x20, 0x00, 0xF7, 0xE6, 0x8B, 0x5E, 0x0B, 0x03, 
     67          	0xC3, 0x48, 0xF7, 0xF3, 0x01, 0x46, 0xFC, 0x11, 0x4E, 0xFE, 0x61, 0xBF, 0x00, 0x00, 0xE8, 0xE6, 
     68          	0x00, 0x72, 0x39, 0x26, 0x38, 0x2D, 0x74, 0x17, 0x60, 0xB1, 0x0B, 0xBE, 0xA1, 0x7D, 0xF3, 0xA6, 
     69          	0x61, 0x74, 0x32, 0x4E, 0x74, 0x09, 0x83, 0xC7, 0x20, 0x3B, 0xFB, 0x72, 0xE6, 0xEB, 0xDC, 0xA0, 
     70          	0xFB, 0x7D, 0xB4, 0x7D, 0x8B, 0xF0, 0xAC, 0x98, 0x40, 0x74, 0x0C, 0x48, 0x74, 0x13, 0xB4, 0x0E, 
     71          	0xBB, 0x07, 0x00, 0xCD, 0x10, 0xEB, 0xEF, 0xA0, 0xFD, 0x7D, 0xEB, 0xE6, 0xA0, 0xFC, 0x7D, 0xEB, 
     72          	0xE1, 0xCD, 0x16, 0xCD, 0x19, 0x26, 0x8B, 0x55, 0x1A, 0x52, 0xB0, 0x01, 0xBB, 0x00, 0x00, 0xE8, 
     73          	0x3B, 0x00, 0x72, 0xE8, 0x5B, 0x8A, 0x56, 0x24, 0xBE, 0x0B, 0x7C, 0x8B, 0xFC, 0xC7, 0x46, 0xF0, 
     74          	0x3D, 0x7D, 0xC7, 0x46, 0xF4, 0x29, 0x7D, 0x8C, 0xD9, 0x89, 0x4E, 0xF2, 0x89, 0x4E, 0xF6, 0xC6, 
     75          	0x06, 0x96, 0x7D, 0xCB, 0xEA, 0x03, 0x00, 0x00, 0x20, 0x0F, 0xB6, 0xC8, 0x66, 0x8B, 0x46, 0xF8, 
     76          	0x66, 0x03, 0x46, 0x1C, 0x66, 0x8B, 0xD0, 0x66, 0xC1, 0xEA, 0x10, 0xEB, 0x5E, 0x0F, 0xB6, 0xC8, 
     77          	0x4A, 0x4A, 0x8A, 0x46, 0x0D, 0x32, 0xE4, 0xF7, 0xE2, 0x03, 0x46, 0xFC, 0x13, 0x56, 0xFE, 0xEB, 
     78          	0x4A, 0x52, 0x50, 0x06, 0x53, 0x6A, 0x01, 0x6A, 0x10, 0x91, 0x8B, 0x46, 0x18, 0x96, 0x92, 0x33, 
     79          	0xD2, 0xF7, 0xF6, 0x91, 0xF7, 0xF6, 0x42, 0x87, 0xCA, 0xF7, 0x76, 0x1A, 0x8A, 0xF2, 0x8A, 0xE8, 
     80          	0xC0, 0xCC, 0x02, 0x0A, 0xCC, 0xB8, 0x01, 0x02, 0x80, 0x7E, 0x02, 0x0E, 0x75, 0x04, 0xB4, 0x42, 
     81          	0x8B, 0xF4, 0x8A, 0x56, 0x24, 0xCD, 0x13, 0x61, 0x61, 0x72, 0x0B, 0x40, 0x75, 0x01, 0x42, 0x03, 
     82          	0x5E, 0x0B, 0x49, 0x75, 0x06, 0xF8, 0xC3, 0x41, 0xBB, 0x00, 0x00, 0x60, 0x66, 0x6A, 0x00, 0xEB, 
     83          	0xB0, 0x4E, 0x54, 0x4C, 0x44, 0x52, 0x20, 0x20, 0x20, 0x20, 0x20, 0x20, 0x0D, 0x0A, 0x52, 0x65, 
     84          	0x6D, 0x6F, 0x76, 0x65, 0x20, 0x64, 0x69, 0x73, 0x6B, 0x73, 0x20, 0x6F, 0x72, 0x20, 0x6F, 0x74, 
     85          	0x68, 0x65, 0x72, 0x20, 0x6D, 0x65, 0x64, 0x69, 0x61, 0x2E, 0xFF, 0x0D, 0x0A, 0x44, 0x69, 0x73, 
     86          	0x6B, 0x20, 0x65, 0x72, 0x72, 0x6F, 0x72, 0xFF, 0x0D, 0x0A, 0x50, 0x72, 0x65, 0x73, 0x73, 0x20, 
     87          	0x61, 0x6E, 0x79, 0x20, 0x6B, 0x65, 0x79, 0x20, 0x74, 0x6F, 0x20, 0x72, 0x65, 0x73, 0x74, 0x61, 
     88          	0x72, 0x74, 0x0D, 0x0A, 0x00, 0x00, 0x00, 0x00, 0x00, 0x00, 0x00, 0xAC, 0xCB, 0xD8, 0x55, 0xAA
     89          };
     90          
     91          const unsigned char dummy_FAT[512] = {
     92          	0xF8, 0xFF, 0xFF, 0xFF, 0x03, 0x00, 0xFF, 0xFF, 0x00, 0x00, 0x00, 0x00, 0x00, 0x00, 0x00, 0x00, 
     93          	0x00, 0x00, 0x00, 0x00, 0x00, 0x00, 0x00, 0x00, 0x00, 0x00, 0x00, 0x00, 0x00, 0x00, 0x00, 0x00, 
     94          	0x00, 0x00, 0x00, 0x00, 0x00, 0x00, 0x00, 0x00, 0x00, 0x00, 0x00, 0x00, 0x00, 0x00, 0x00, 0x00, 
     95          	0x00, 0x00, 0x00, 0x00, 0x00, 0x00, 0x00, 0x00, 0x00, 0x00, 0x00, 0x00, 0x00, 0x00, 0x00, 0x00, 
     96          	0x00, 0x00, 0x00, 0x00, 0x00, 0x00, 0x00, 0x00, 0x00, 0x00, 0x00, 0x00, 0x00, 0x00, 0x00, 0x00, 
     97          	0x00, 0x00, 0x00, 0x00, 0x00, 0x00, 0x00, 0x00, 0x00, 0x00, 0x00, 0x00, 0x00, 0x00, 0x00, 0x00, 
     98          	0x00, 0x00, 0x00, 0x00, 0x00, 0x00, 0x00, 0x00, 0x00, 0x00, 0x00, 0x00, 0x00, 0x00, 0x00, 0x00, 
     99          	0x00, 0x00, 0x00, 0x00, 0x00, 0x00, 0x00, 0x00, 0x00, 0x00, 0x00, 0x00, 0x00, 0x00, 0x00, 0x00, 
    100          	0x00, 0x00, 0x00, 0x00, 0x00, 0x00, 0x00, 0x00, 0x00, 0x00, 0x00, 0x00, 0x00, 0x00, 0x00, 0x00, 
    101          	0x00, 0x00, 0x00, 0x00, 0x00, 0x00, 0x00, 0x00, 0x00, 0x00, 0x00, 0x00, 0x00, 0x00, 0x00, 0x00, 
    102          	0x00, 0x00, 0x00, 0x00, 0x00, 0x00, 0x00, 0x00, 0x00, 0x00, 0x00, 0x00, 0x00, 0x00, 0x00, 0x00, 
    103          	0x00, 0x00, 0x00, 0x00, 0x00, 0x00, 0x00, 0x00, 0x00, 0x00, 0x00, 0x00, 0x00, 0x00, 0x00, 0x00, 
    104          	0x00, 0x00, 0x00, 0x00, 0x00, 0x00, 0x00, 0x00, 0x00, 0x00, 0x00, 0x00, 0x00, 0x00, 0x00, 0x00, 
    105          	0x00, 0x00, 0x00, 0x00, 0x00, 0x00, 0x00, 0x00, 0x00, 0x00, 0x00, 0x00, 0x00, 0x00, 0x00, 0x00, 
    106          	0x00, 0x00, 0x00, 0x00, 0x00, 0x00, 0x00, 0x00, 0x00, 0x00, 0x00, 0x00, 0x00, 0x00, 0x00, 0x00, 
    107          	0x00, 0x00, 0x00, 0x00, 0x00, 0x00, 0x00, 0x00, 0x00, 0x00, 0x00, 0x00, 0x00, 0x00, 0x00, 0x00, 
    108          	0x00, 0x00, 0x00, 0x00, 0x00, 0x00, 0x00, 0x00, 0x00, 0x00, 0x00, 0x00, 0x00, 0x00, 0x00, 0x00, 
    109          	0x00, 0x00, 0x00, 0x00, 0x00, 0x00, 0x00, 0x00, 0x00, 0x00, 0x00, 0x00, 0x00, 0x00, 0x00, 0x00, 
    110          	0x00, 0x00, 0x00, 0x00, 0x00, 0x00, 0x00, 0x00, 0x00, 0x00, 0x00, 0x00, 0x00, 0x00, 0x00, 0x00, 
    111          	0x00, 0x00, 0x00, 0x00, 0x00, 0x00, 0x00, 0x00, 0x00, 0x00, 0x00, 0x00, 0x00, 0x00, 0x00, 0x00, 
    112          	0x00, 0x00, 0x00, 0x00, 0x00, 0x00, 0x00, 0x00, 0x00, 0x00, 0x00, 0x00, 0x00, 0x00, 0x00, 0x00, 
    113          	0x00, 0x00, 0x00, 0x00, 0x00, 0x00, 0x00, 0x00, 0x00, 0x00, 0x00, 0x00, 0x00, 0x00, 0x00, 0x00, 
    114          	0x00, 0x00, 0x00, 0x00, 0x00, 0x00, 0x00, 0x00, 0x00, 0x00, 0x00, 0x00, 0x00, 0x00, 0x00, 0x00, 
    115          	0x00, 0x00, 0x00, 0x00, 0x00, 0x00, 0x00, 0x00, 0x00, 0x00, 0x00, 0x00, 0x00, 0x00, 0x00, 0x00, 
    116          	0x00, 0x00, 0x00, 0x00, 0x00, 0x00, 0x00, 0x00, 0x00, 0x00, 0x00, 0x00, 0x00, 0x00, 0x00, 0x00, 
    117          	0x00, 0x00, 0x00, 0x00, 0x00, 0x00, 0x00, 0x00, 0x00, 0x00, 0x00, 0x00, 0x00, 0x00, 0x00, 0x00, 
    118          	0x00, 0x00, 0x00, 0x00, 0x00, 0x00, 0x00, 0x00, 0x00, 0x00, 0x00, 0x00, 0x00, 0x00, 0x00, 0x00, 
    119          	0x00, 0x00, 0x00, 0x00, 0x00, 0x00, 0x00, 0x00, 0x00, 0x00, 0x00, 0x00, 0x00, 0x00, 0x00, 0x00, 
    120          	0x00, 0x00, 0x00, 0x00, 0x00, 0x00, 0x00, 0x00, 0x00, 0x00, 0x00, 0x00, 0x00, 0x00, 0x00, 0x00, 
    121          	0x00, 0x00, 0x00, 0x00, 0x00, 0x00, 0x00, 0x00, 0x00, 0x00, 0x00, 0x00, 0x00, 0x00, 0x00, 0x00, 
    122          	0x00, 0x00, 0x00, 0x00, 0x00, 0x00, 0x00, 0x00, 0x00, 0x00, 0x00, 0x00, 0x00, 0x00, 0x00, 0x00, 
    123          	0x00, 0x00, 0x00, 0x00, 0x00, 0x00, 0x00, 0x00, 0x00, 0x00, 0x00, 0x00, 0x00, 0x00, 0x00, 0x00
    124          };
    125          
    126          const unsigned char dummy_FDT[512] = {
    127          	0x44, 0x41, 0x54, 0x41, 0x20, 0x20, 0x20, 0x20, 0x44, 0x42, 0x20, 0x20, 0x18, 0x25, 0x6A, 0x5F, 
    128          	0xAF, 0x40, 0xAF, 0x40, 0x00, 0x00, 0x20, 0x60, 0xAF, 0x40, 0x02, 0x00, 0x00, 0x08, 0x00, 0x00,
    129          	0x00, 0x00, 0x00, 0x00, 0x00, 0x00, 0x00, 0x00, 0x00, 0x00, 0x00, 0x00, 0x00, 0x00, 0x00, 0x00, 
    130          	0x00, 0x00, 0x00, 0x00, 0x00, 0x00, 0x00, 0x00, 0x00, 0x00, 0x00, 0x00, 0x00, 0x00, 0x00, 0x00,
    131          	0x00, 0x00, 0x00, 0x00, 0x00, 0x00, 0x00, 0x00, 0x00, 0x00, 0x00, 0x00, 0x00, 0x00, 0x00, 0x00, 
    132          	0x00, 0x00, 0x00, 0x00, 0x00, 0x00, 0x00, 0x00, 0x00, 0x00, 0x00, 0x00, 0x00, 0x00, 0x00, 0x00,
    133          	0x00, 0x00, 0x00, 0x00, 0x00, 0x00, 0x00, 0x00, 0x00, 0x00, 0x00, 0x00, 0x00, 0x00, 0x00, 0x00, 
    134          	0x00, 0x00, 0x00, 0x00, 0x00, 0x00, 0x00, 0x00, 0x00, 0x00, 0x00, 0x00, 0x00, 0x00, 0x00, 0x00, 
    135          	0x00, 0x00, 0x00, 0x00, 0x00, 0x00, 0x00, 0x00, 0x00, 0x00, 0x00, 0x00, 0x00, 0x00, 0x00, 0x00, 
    136          	0x00, 0x00, 0x00, 0x00, 0x00, 0x00, 0x00, 0x00, 0x00, 0x00, 0x00, 0x00, 0x00, 0x00, 0x00, 0x00, 
    137          	0x00, 0x00, 0x00, 0x00, 0x00, 0x00, 0x00, 0x00, 0x00, 0x00, 0x00, 0x00, 0x00, 0x00, 0x00, 0x00, 
    138          	0x00, 0x00, 0x00, 0x00, 0x00, 0x00, 0x00, 0x00, 0x00, 0x00, 0x00, 0x00, 0x00, 0x00, 0x00, 0x00, 
    139          	0x00, 0x00, 0x00, 0x00, 0x00, 0x00, 0x00, 0x00, 0x00, 0x00, 0x00, 0x00, 0x00, 0x00, 0x00, 0x00, 
    140          	0x00, 0x00, 0x00, 0x00, 0x00, 0x00, 0x00, 0x00, 0x00, 0x00, 0x00, 0x00, 0x00, 0x00, 0x00, 0x00, 
    141          	0x00, 0x00, 0x00, 0x00, 0x00, 0x00, 0x00, 0x00, 0x00, 0x00, 0x00, 0x00, 0x00, 0x00, 0x00, 0x00, 
    142          	0x00, 0x00, 0x00, 0x00, 0x00, 0x00, 0x00, 0x00, 0x00, 0x00, 0x00, 0x00, 0x00, 0x00, 0x00, 0x00, 
    143          	0x00, 0x00, 0x00, 0x00, 0x00, 0x00, 0x00, 0x00, 0x00, 0x00, 0x00, 0x00, 0x00, 0x00, 0x00, 0x00, 
    144          	0x00, 0x00, 0x00, 0x00, 0x00, 0x00, 0x00, 0x00, 0x00, 0x00, 0x00, 0x00, 0x00, 0x00, 0x00, 0x00, 
    145          	0x00, 0x00, 0x00, 0x00, 0x00, 0x00, 0x00, 0x00, 0x00, 0x00, 0x00, 0x00, 0x00, 0x00, 0x00, 0x00, 
    146          	0x00, 0x00, 0x00, 0x00, 0x00, 0x00, 0x00, 0x00, 0x00, 0x00, 0x00, 0x00, 0x00, 0x00, 0x00, 0x00, 
    147          	0x00, 0x00, 0x00, 0x00, 0x00, 0x00, 0x00, 0x00, 0x00, 0x00, 0x00, 0x00, 0x00, 0x00, 0x00, 0x00, 
    148          	0x00, 0x00, 0x00, 0x00, 0x00, 0x00, 0x00, 0x00, 0x00, 0x00, 0x00, 0x00, 0x00, 0x00, 0x00, 0x00, 
    149          	0x00, 0x00, 0x00, 0x00, 0x00, 0x00, 0x00, 0x00, 0x00, 0x00, 0x00, 0x00, 0x00, 0x00, 0x00, 0x00, 
    150          	0x00, 0x00, 0x00, 0x00, 0x00, 0x00, 0x00, 0x00, 0x00, 0x00, 0x00, 0x00, 0x00, 0x00, 0x00, 0x00, 
    151          	0x00, 0x00, 0x00, 0x00, 0x00, 0x00, 0x00, 0x00, 0x00, 0x00, 0x00, 0x00, 0x00, 0x00, 0x00, 0x00, 
    152          	0x00, 0x00, 0x00, 0x00, 0x00, 0x00, 0x00, 0x00, 0x00, 0x00, 0x00, 0x00, 0x00, 0x00, 0x00, 0x00, 
    153          	0x00, 0x00, 0x00, 0x00, 0x00, 0x00, 0x00, 0x00, 0x00, 0x00, 0x00, 0x00, 0x00, 0x00, 0x00, 0x00, 
    154          	0x00, 0x00, 0x00, 0x00, 0x00, 0x00, 0x00, 0x00, 0x00, 0x00, 0x00, 0x00, 0x00, 0x00, 0x00, 0x00, 
    155          	0x00, 0x00, 0x00, 0x00, 0x00, 0x00, 0x00, 0x00, 0x00, 0x00, 0x00, 0x00, 0x00, 0x00, 0x00, 0x00, 
    156          	0x00, 0x00, 0x00, 0x00, 0x00, 0x00, 0x00, 0x00, 0x00, 0x00, 0x00, 0x00, 0x00, 0x00, 0x00, 0x00, 
    157          	0x00, 0x00, 0x00, 0x00, 0x00, 0x00, 0x00, 0x00, 0x00, 0x00, 0x00, 0x00, 0x00, 0x00, 0x00, 0x00, 
    158          	0x00, 0x00, 0x00, 0x00, 0x00, 0x00, 0x00, 0x00, 0x00, 0x00, 0x00, 0x00, 0x00, 0x00, 0x00, 0x00
    159          };


   Section sizes:

     Function/Label Bytes
     -------------- -----
     dummy_MBR       512
     dummy_DBR       512
     dummy_FAT       512
     dummy_FDT       512

 
 2 048 bytes in section .rodata
 
 2 048 bytes of CONST memory

Errors: none
Warnings: none
