###############################################################################
#                                                                             #
# IAR ANSI C/C++ Compiler V5.30.0.51174/W32 for ARM     25/Nov/2015  17:16:24 #
# Copyright 1999-2009 IAR Systems AB.                                         #
#                                                                             #
#    Cpu mode     =  thumb                                                    #
#    Endian       =  little                                                   #
#    Source file  =  E:\BT Printer\FW\src\Lib\src\stm32f10x_dbgmcu.c          #
#    Command line =  "E:\BT Printer\FW\src\Lib\src\stm32f10x_dbgmcu.c" -D     #
#                    DEBUG_VER -lcN "E:\BT Printer\FW\src\Project\EWARMv5\Deb #
#                    ug\List\" -o "E:\BT Printer\FW\src\Project\EWARMv5\Debug #
#                    \Obj\" --no_cse --no_unroll --no_inline                  #
#                    --no_code_motion --no_tbaa --no_clustering               #
#                    --no_scheduling --debug --endian=little --cpu=Cortex-M3  #
#                    -e --fpu=None --dlib_config "C:\Program Files\IAR        #
#                    Systems\Embedded Workbench 5.4\arm\INC\DLib_Config_Full. #
#                    h" -I "E:\BT Printer\FW\src\Project\EWARMv5\..\" -I      #
#                    "E:\BT Printer\FW\src\Project\EWARMv5\..\..\App\" -I     #
#                    "E:\BT Printer\FW\src\Project\EWARMv5\..\..\Drivers\"    #
#                    -I "E:\BT Printer\FW\src\Project\EWARMv5\..\..\FatFs\"   #
#                    -I "E:\BT Printer\FW\src\Project\EWARMv5\..\..\Lib\inc\" #
#                     -I "E:\BT Printer\FW\src\Project\EWARMv5\..\..\uCOS\uC- #
#                    CPU\" -I "E:\BT Printer\FW\src\Project\EWARMv5\..\..\uCO #
#                    S\uC-LIB\" -I "E:\BT Printer\FW\src\Project\EWARMv5\..\. #
#                    .\uCOS\uCOS-II\Ports\" -I "E:\BT                         #
#                    Printer\FW\src\Project\EWARMv5\..\..\uCOS\uCOS-II\Source #
#                    \" -I "E:\BT Printer\FW\src\Project\EWARMv5\..\..\uCOS\u #
#                    C-Probe\" -I "E:\BT Printer\FW\src\Project\EWARMv5\..\.. #
#                    \usb_lib\" -I "C:\Program Files\IAR Systems\Embedded     #
#                    Workbench 5.4\arm\INC\" -Ol                              #
#    List file    =  E:\BT Printer\FW\src\Project\EWARMv5\Debug\List\stm32f10 #
#                    x_dbgmcu.lst                                             #
#    Object file  =  E:\BT Printer\FW\src\Project\EWARMv5\Debug\Obj\stm32f10x #
#                    _dbgmcu.o                                                #
#                                                                             #
#                                                                             #
###############################################################################

E:\BT Printer\FW\src\Lib\src\stm32f10x_dbgmcu.c
      1          /******************** (C) COPYRIGHT 2008 STMicroelectronics ********************
      2          * File Name          : stm32f10x_dbgmcu.c
      3          * Author             : MCD Application Team
      4          * Version            : V2.0.3
      5          * Date               : 09/22/2008
      6          * Description        : This file provides all the DBGMCU firmware functions.
      7          ********************************************************************************
      8          * THE PRESENT FIRMWARE WHICH IS FOR GUIDANCE ONLY AIMS AT PROVIDING CUSTOMERS
      9          * WITH CODING INFORMATION REGARDING THEIR PRODUCTS IN ORDER FOR THEM TO SAVE TIME.
     10          * AS A RESULT, STMICROELECTRONICS SHALL NOT BE HELD LIABLE FOR ANY DIRECT,
     11          * INDIRECT OR CONSEQUENTIAL DAMAGES WITH RESPECT TO ANY CLAIMS ARISING FROM THE
     12          * CONTENT OF SUCH FIRMWARE AND/OR THE USE MADE BY CUSTOMERS OF THE CODING
     13          * INFORMATION CONTAINED HEREIN IN CONNECTION WITH THEIR PRODUCTS.
     14          *******************************************************************************/
     15          
     16          /* Includes ------------------------------------------------------------------*/
     17          #include "stm32f10x_dbgmcu.h"
     18          
     19          /* Private typedef -----------------------------------------------------------*/
     20          /* Private define ------------------------------------------------------------*/
     21          #define IDCODE_DEVID_Mask    ((u32)0x00000FFF)
     22          
     23          /* Private macro -------------------------------------------------------------*/
     24          /* Private variables ---------------------------------------------------------*/
     25          /* Private function prototypes -----------------------------------------------*/
     26          /* Private functions ---------------------------------------------------------*/
     27          
     28          /*******************************************************************************
     29          * Function Name  : DBGMCU_GetREVID
     30          * Description    : Returns the device revision identifier.
     31          * Input          : None
     32          * Output         : None
     33          * Return         : Device revision identifier
     34          *******************************************************************************/
     35          u32 DBGMCU_GetREVID(void)
     36          {
     37             return(DBGMCU->IDCODE >> 16);
     38          }
     39          
     40          /*******************************************************************************
     41          * Function Name  : DBGMCU_GetDEVID
     42          * Description    : Returns the device identifier.
     43          * Input          : None
     44          * Output         : None
     45          * Return         : Device identifier
     46          *******************************************************************************/
     47          u32 DBGMCU_GetDEVID(void)
     48          {
     49             return(DBGMCU->IDCODE & IDCODE_DEVID_Mask);
     50          }
     51          
     52          /*******************************************************************************
     53          * Function Name  : DBGMCU_Config
     54          * Description    : Configures the specified peripheral and low power mode behavior
     55          *                  when the MCU under Debug mode.
     56          * Input          : - DBGMCU_Periph: specifies the peripheral and low power mode.
     57          *                    This parameter can be any combination of the following values:
     58          *                       - DBGMCU_SLEEP: Keep debugger connection during SLEEP mode              
     59          *                       - DBGMCU_STOP: Keep debugger connection during STOP mode               
     60          *                       - DBGMCU_STANDBY: Keep debugger connection during STANDBY mode            
     61          *                       - DBGMCU_IWDG_STOP: Debug IWDG stopped when Core is halted          
     62          *                       - DBGMCU_WWDG_STOP: Debug WWDG stopped when Core is halted          
     63          *                       - DBGMCU_TIM1_STOP: TIM1 counter stopped when Core is halted          
     64          *                       - DBGMCU_TIM2_STOP: TIM2 counter stopped when Core is halted          
     65          *                       - DBGMCU_TIM3_STOP: TIM3 counter stopped when Core is halted          
     66          *                       - DBGMCU_TIM4_STOP: TIM4 counter stopped when Core is halted          
     67          *                       - DBGMCU_CAN_STOP: Debug CAN stopped when Core is halted           
     68          *                       - DBGMCU_I2C1_SMBUS_TIMEOUT: I2C1 SMBUS timeout mode stopped
     69          *                                                    when Core is halted
     70          *                       - DBGMCU_I2C2_SMBUS_TIMEOUT: I2C2 SMBUS timeout mode stopped
     71          *                                                    when Core is halted
     72          *                       - DBGMCU_TIM5_STOP: TIM5 counter stopped when Core is halted          
     73          *                       - DBGMCU_TIM6_STOP: TIM6 counter stopped when Core is halted          
     74          *                       - DBGMCU_TIM7_STOP: TIM7 counter stopped when Core is halted          
     75          *                       - DBGMCU_TIM8_STOP: TIM8 counter stopped when Core is halted          
     76          *                  - NewState: new state of the specified peripheral in Debug mode.
     77          *                    This parameter can be: ENABLE or DISABLE.
     78          * Output         : None
     79          * Return         : None
     80          *******************************************************************************/
     81          void DBGMCU_Config(u32 DBGMCU_Periph, FunctionalState NewState)
     82          {
     83            /* Check the parameters */
     84            assert_param(IS_DBGMCU_PERIPH(DBGMCU_Periph));
     85            assert_param(IS_FUNCTIONAL_STATE(NewState));
     86          
     87            if (NewState != DISABLE)
     88            {
     89              DBGMCU->CR |= DBGMCU_Periph;
     90            }
     91            else
     92            {
     93              DBGMCU->CR &= ~DBGMCU_Periph;
     94            }
     95          }
     96          
     97          /******************* (C) COPYRIGHT 2008 STMicroelectronics *****END OF FILE****/

   Maximum stack usage in bytes:

     Function        .cstack
     --------        -------
     DBGMCU_Config        0
     DBGMCU_GetDEVID      0
     DBGMCU_GetREVID      0


   Section sizes:

     Function/Label  Bytes
     --------------  -----
     DBGMCU_GetREVID    8
     DBGMCU_GetDEVID   10
     DBGMCU_Config     36
     ??DataTable1       4

 
 58 bytes in section .text
 
 58 bytes of CODE memory

Errors: none
Warnings: none
