###############################################################################
#                                                                             #
# IAR ANSI C/C++ Compiler V5.30.0.51174/W32 for ARM     10/Dec/2015  18:37:21 #
# Copyright 1999-2009 IAR Systems AB.                                         #
#                                                                             #
#    Cpu mode     =  thumb                                                    #
#    Endian       =  little                                                   #
#    Source file  =  E:\BT Printer\FW\src\App\Terminal_Para_m.c               #
#    Command line =  "E:\BT Printer\FW\src\App\Terminal_Para_m.c" -D          #
#                    DEBUG_VER -lcN "E:\BT Printer\FW\src\Project\EWARMv5\Deb #
#                    ug\List\" -o "E:\BT Printer\FW\src\Project\EWARMv5\Debug #
#                    \Obj\" --no_cse --no_unroll --no_inline                  #
#                    --no_code_motion --no_tbaa --no_clustering               #
#                    --no_scheduling --debug --endian=little --cpu=Cortex-M3  #
#                    -e --fpu=None -I "E:\BT Printer\FW\src\Project\EWARMv5\. #
#                    .\" -I "E:\BT Printer\FW\src\Project\EWARMv5\..\..\App\" #
#                     -I "E:\BT Printer\FW\src\Project\EWARMv5\..\..\Drivers\ #
#                    " -I "E:\BT Printer\FW\src\Project\EWARMv5\..\..\FatFs\" #
#                     -I "E:\BT Printer\FW\src\Project\EWARMv5\..\..\Lib\inc\ #
#                    " -I "E:\BT Printer\FW\src\Project\EWARMv5\..\..\uCOS\uC #
#                    -CPU\" -I "E:\BT Printer\FW\src\Project\EWARMv5\..\..\uC #
#                    OS\uC-LIB\" -I "E:\BT Printer\FW\src\Project\EWARMv5\..\ #
#                    ..\uCOS\uCOS-II\Ports\" -I "E:\BT                        #
#                    Printer\FW\src\Project\EWARMv5\..\..\uCOS\uCOS-II\Source #
#                    \" -I "E:\BT Printer\FW\src\Project\EWARMv5\..\..\uCOS\u #
#                    C-Probe\" -I "E:\BT Printer\FW\src\Project\EWARMv5\..\.. #
#                    \usb_lib\" -I "C:\Program Files\IAR Systems\Embedded     #
#                    Workbench 5.4\arm\INC\" -Ol                              #
#    List file    =  E:\BT Printer\FW\src\Project\EWARMv5\Debug\List\Terminal #
#                    _Para_m.lst                                              #
#    Object file  =  E:\BT Printer\FW\src\Project\EWARMv5\Debug\Obj\Terminal_ #
#                    Para_m.o                                                 #
#                                                                             #
#                                                                             #
###############################################################################

E:\BT Printer\FW\src\App\Terminal_Para_m.c
      1          /**
      2           * @file  Terminal_Para.c
      3           * @brief T1Gen项目的终端参数管理模块
      4           * @version 1.0
      5           * @author joe
      6           * @date 2011年03月30日
      7           * @note
      8          */  
      9          /* Private include -----------------------------------------------------------*/
     10          #include "Terminal_Para.h"
     11          #include <string.h>
     12          #include "crc32.h"
     13          #include "record_mod.h"
     14          #include "basic_fun.h"
     15          
     16          
     17          
     18          /* private Variable -----------------------------------------------*/
     19          /* external Variable -----------------------------------------------*/
     20          
     21          /* Global Variable -----------------------------------------------*/
     22          //定义终端的系统参数
     23          TTerminalPara		g_param;				//终端参数
     24          
     25          static unsigned char param_mod_state = 0;
     26          
     27          /* Private function prototypes -----------------------------------------------*/
     28          /* Private function  -----------------------------------------------*/
     29          
     30          /**
     31          * @brief	从保存终端系统参数的存储模块中读取参数保存到全局变量中
     32          * @param[in]  none				
     33          * @param[out] 存储终端参数的全局变量
     34          * @return     unsigned char  0  :SUCCESS   else : 错误代码
     35          * @note                  
     36          */
     37          int ReadTerminalPara(void)
     38          {
     39          	unsigned long			checkvalue;
     40          	int		ret;
     41          
     42          	if (param_mod_state == 0)
     43          	{
     44          		ret = param_init(sizeof(TTerminalPara));
     45          		if (ret)
     46          		{
     47          			if (ret == -3 || ret == -4 || ret == -6)
     48          			{
     49          				ret = param_format(sizeof(TTerminalPara));
     50          				if (ret)
     51          				{
     52          					return ret;
     53          				}
     54          			}
     55          			else
     56          			{
     57          				return ret;
     58          			}
     59          		}
     60          
     61          		param_mod_state = 1;
     62          	}
     63          
     64          	ret = param_read((unsigned char*)&g_param,sizeof(TTerminalPara));
     65          	if(ret)
     66          	{
     67          		return ret;
     68          	}
     69          
     70          
     71          
     72          #if 1
     73          	//计算校验值是否正确
     74          	checkvalue = crc32(0,(unsigned char*)&g_param.line_after_mark,sizeof(TTerminalPara) - 4);
     75          	if (g_param.checkvalue != checkvalue)
     76          	{
     77          		//参数的校验值不对
     78          		return 2;
     79          	}
     80          
     81          	// 检查参数是否正确
     82          	if ((g_param.endtag[0] != 0x55)||(g_param.endtag[1] != 0xAA)||(g_param.endtag[2] != 0x5A)||(g_param.struct_ver != 1))
     83          	{
     84          		//参数的结束标记不对
     85          		return 3;
     86          	}
     87          
     88          
     89          	//检查其余参数是否正确
     90          	//@todo....
     91          #endif
     92          	return 0;	
     93          }
     94          
     95          /**
     96          * @brief	将用户变更后的终端系统参数保存到存储模块
     97          * @param[in]   none				
     98          * @param[in] 存储终端参数的全局变量
     99          * @return     none
    100          * @note   此函数中实现的是将参数保存到PSAM卡中                
    101          */
    102          int SaveTerminalPara(void)
    103          {
    104          	int					ret;
    105          
    106          	// 重新计算校验        
    107          	g_param.checkvalue = crc32(0,(unsigned char*)&g_param.line_after_mark, sizeof(TTerminalPara)-4);
    108          
    109          	ret = param_write((unsigned char*)&g_param,sizeof(TTerminalPara));
    110          	return ret;
    111          }
    112          
    113          
    114          /**
    115          * @brief 建立默认的测试参数并保存
    116          */
    117          int DefaultTerminalPara(void)
    118          {
    119          	unsigned char		*pSrc;
    120          	//unsigned char		i,tmp[2];
    121          
    122          	pSrc				= (unsigned char *)&g_param;
    123          	//先清空所有参数
    124          	MEMSET(pSrc,0,sizeof(TTerminalPara));
    125          	//设置结束标记
    126          	g_param.endtag[0]		= 0x55;
    127          	g_param.endtag[1]		= 0xAA;
    128          	g_param.endtag[2]		= 0x5A;
    129          	//设置参数结构版本号
    130          	g_param.struct_ver		= 0x01;
    131          	//构造默认的终端参数
    132          	g_param.character_code_page = 0;
    133          	g_param.max_mark_length	=	250;
    134          	g_param.line_after_mark	=	32;   //32*0.0625=1mm
    135          	return SaveTerminalPara();
    136          }
    137          

   Maximum stack usage in bytes:

     Function            .cstack
     --------            -------
     DefaultTerminalPara      8
     ReadTerminalPara         8
     SaveTerminalPara         8


   Section sizes:

     Function/Label      Bytes
     --------------      -----
     g_param               64
     param_mod_state        1
     ReadTerminalPara     152
     SaveTerminalPara      26
     DefaultTerminalPara   68
     ??DataTable7           4
     ??DataTable17          4

 
  65 bytes in section .bss
 254 bytes in section .text
 
 254 bytes of CODE memory
  65 bytes of DATA memory

Errors: none
Warnings: 2
